<?xml version="1.0" encoding="UTF-8"?>
<!-- Generated by org.testng.reporters.JUnitReportReporter -->
<testsuite hostname="DESKTOP-AE4CVMC" failures="0" tests="1" name="workingWithTestNG.WorkingWithConfigurationAnnotation" time="0.013" errors="0" timestamp="2023-11-09T18:08:09 GMT" skipped="0">
  <testcase classname="workingWithTestNG.WorkingWithConfigurationAnnotation" name="TestCase1" time="0.013"/>
</testsuite> <!-- workingWithTestNG.WorkingWithConfigurationAnnotation -->
