<?xml version="1.0" encoding="UTF-8"?>
<!-- Generated by org.testng.reporters.JUnitReportReporter -->
<testsuite hostname="DESKTOP-AE4CVMC" failures="0" tests="4" name="workingWithTestNG.WorkingWithEnabledAndFinish" time="0.019" errors="0" timestamp="2023-11-08T19:19:36 GMT" skipped="1">
  <testcase classname="workingWithTestNG.WorkingWithEnabledAndFinish" name="rg" time="0.013"/>
  <testcase classname="workingWithTestNG.WorkingWithEnabledAndFinish" name="login" time="0.003"/>
  <testcase classname="workingWithTestNG.WorkingWithEnabledAndFinish" name="placeOrder" time="0.003"/>
  <testcase classname="workingWithTestNG.WorkingWithEnabledAndFinish" name="addTocart">
    <skipped/>
  </testcase> <!-- addTocart -->
</testsuite> <!-- workingWithTestNG.WorkingWithEnabledAndFinish -->
