<?xml version="1.0" encoding="UTF-8"?>
<!-- Generated by org.testng.reporters.JUnitReportReporter -->
<testsuite hostname="DESKTOP-AE4CVMC" failures="0" tests="1" name="workingWithTestNG.WorkingWithTestAnnotation" time="0.015" errors="0" timestamp="2023-11-08T18:52:45 GMT" skipped="0">
  <testcase classname="workingWithTestNG.WorkingWithTestAnnotation" name="TestCase" time="0.015"/>
</testsuite> <!-- workingWithTestNG.WorkingWithTestAnnotation -->
