<?xml version="1.0" encoding="UTF-8"?>
<!-- Generated by org.testng.reporters.JUnitReportReporter -->
<testsuite hostname="DESKTOP-AE4CVMC" failures="0" tests="2" name="workingWithTestNG.WorkingWithConfigureAnnotation1" time="31.021" errors="0" timestamp="2023-11-10T18:37:03 GMT" skipped="0">
  <testcase classname="workingWithTestNG.WorkingWithConfigureAnnotation1" name="TestCase2" time="15.578"/>
  <testcase classname="workingWithTestNG.WorkingWithConfigureAnnotation1" name="TestCase1" time="15.443"/>
</testsuite> <!-- workingWithTestNG.WorkingWithConfigureAnnotation1 -->
