<?xml version="1.0" encoding="UTF-8"?>
<!-- Generated by org.testng.reporters.JUnitReportReporter -->
<testsuite hostname="DESKTOP-AE4CVMC" failures="0" tests="4" name="workingWithTestNG.WorkingWithMultipleTestAnnotation" time="0.054" errors="0" timestamp="2023-11-08T19:12:27 GMT" skipped="0">
  <testcase classname="workingWithTestNG.WorkingWithMultipleTestAnnotation" name="placeOrder" time="0.027"/>
  <testcase classname="workingWithTestNG.WorkingWithMultipleTestAnnotation" name="rg" time="0.007"/>
  <testcase classname="workingWithTestNG.WorkingWithMultipleTestAnnotation" name="login" time="0.005"/>
  <testcase classname="workingWithTestNG.WorkingWithMultipleTestAnnotation" name="addTocart" time="0.015"/>
</testsuite> <!-- workingWithTestNG.WorkingWithMultipleTestAnnotation -->
