<?xml version="1.0" encoding="UTF-8"?>
<!-- Generated by org.testng.reporters.JUnitReportReporter -->
<testsuite hostname="DESKTOP-AE4CVMC" failures="0" tests="6" name="workingWithTestNG.WorkingWithDependsOnMethod" time="0.046" errors="0" timestamp="2023-11-08T19:25:45 GMT" skipped="1">
  <testcase classname="workingWithTestNG.WorkingWithDependsOnMethod" name="login" time="0.004"/>
  <testcase classname="workingWithTestNG.WorkingWithDependsOnMethod" name="rg" time="0.014"/>
  <testcase classname="workingWithTestNG.WorkingWithDependsOnMethod" name="rg" time="0.005"/>
  <testcase classname="workingWithTestNG.WorkingWithDependsOnMethod" name="rg" time="0.005"/>
  <testcase classname="workingWithTestNG.WorkingWithDependsOnMethod" name="placeOrder" time="0.018"/>
  <testcase classname="workingWithTestNG.WorkingWithDependsOnMethod" name="addTocart">
    <skipped/>
  </testcase> <!-- addTocart -->
</testsuite> <!-- workingWithTestNG.WorkingWithDependsOnMethod -->
